<?xml version="1.0" encoding="UTF-8"?>
<!-- Generated by org.testng.reporters.JUnitReportReporter -->
<testsuite skipped="0" hostname="BDC6-DX-6BYDNK2" name="Day1.WebDriver_IE" tests="1" failures="0" timestamp="18 Sep 2019 03:35:13 GMT" time="27.457" errors="0">
  <testcase name="Browserlaunch" time="27.457" classname="Day1.WebDriver_IE"/>
</testsuite> <!-- Day1.WebDriver_IE -->
