<?xml version="1.0" encoding="UTF-8"?>
<!-- Generated by org.testng.reporters.JUnitReportReporter -->
<testsuite skipped="0" hostname="BDC6-DX-6BYDNK2" name="Day2.DemoWebShop" tests="1" failures="0" timestamp="18 Sep 2019 05:01:40 GMT" time="20.364" errors="0">
  <testcase name="f" time="20.364" classname="Day2.DemoWebShop"/>
</testsuite> <!-- Day2.DemoWebShop -->
