<?xml version="1.0" encoding="UTF-8"?>
<!-- Generated by org.testng.reporters.JUnitReportReporter -->
<testsuite skipped="0" hostname="BDC6-DX-6BYDNK2" name="Day2.DragandDrop_Actions" tests="1" failures="0" timestamp="19 Sep 2019 04:39:34 GMT" time="34.265" errors="0">
  <testcase name="f" time="34.265" classname="Day2.DragandDrop_Actions"/>
</testsuite> <!-- Day2.DragandDrop_Actions -->
