<?xml version="1.0" encoding="UTF-8"?>
<!-- Generated by org.testng.reporters.JUnitReportReporter -->
<testsuite skipped="0" hostname="BDC6-DX-6BYDNK2" name="Day1.Demo1_TestNG" tests="2" failures="0" timestamp="17 Sep 2019 10:09:01 GMT" time="0.019" errors="0">
  <testcase name="f" time="0.015" classname="Day1.Demo1_TestNG"/>
  <testcase name="f1" time="0.004" classname="Day1.Demo1_TestNG"/>
</testsuite> <!-- Day1.Demo1_TestNG -->
