<?xml version="1.0" encoding="UTF-8"?>
<!-- Generated by org.testng.reporters.JUnitReportReporter -->
<testsuite skipped="0" hostname="BDC6-DX-6BYDNK2" name="Day1.WebDriver_demo1" tests="1" failures="0" timestamp="17 Sep 2019 11:06:57 GMT" time="16.942" errors="0">
  <testcase name="Browserlaunch" time="16.942" classname="Day1.WebDriver_demo1"/>
</testsuite> <!-- Day1.WebDriver_demo1 -->
