<?xml version="1.0" encoding="UTF-8"?>
<!-- Generated by org.testng.reporters.JUnitReportReporter -->
<testsuite skipped="0" hostname="BDC6-DX-6BYDNK2" name="Day2.WindowsHandling_Demo" tests="1" failures="0" timestamp="18 Sep 2019 08:51:45 GMT" time="45.079" errors="0">
  <testcase name="f" time="45.079" classname="Day2.WindowsHandling_Demo"/>
</testsuite> <!-- Day2.WindowsHandling_Demo -->
