<?xml version="1.0" encoding="UTF-8"?>
<!-- Generated by org.testng.reporters.JUnitReportReporter -->
<testsuite skipped="0" hostname="BDC6-DX-6BYDNK2" name="Day2.WebDriver_Demo2" tests="1" failures="0" timestamp="19 Sep 2019 11:10:21 GMT" time="27.990" errors="0">
  <testcase name="f" time="27.990" classname="Day2.WebDriver_Demo2"/>
</testsuite> <!-- Day2.WebDriver_Demo2 -->
