<?xml version="1.0" encoding="UTF-8"?>
<!-- Generated by org.testng.reporters.JUnitReportReporter -->
<testsuite skipped="1" hostname="BDC6-DX-6BYDNK2" name="Day1.Demo2_TestNG" tests="4" failures="0" timestamp="17 Sep 2019 10:09:01 GMT" time="0.038" errors="0">
  <testcase name="LogOut" time="0.035" classname="Day1.Demo2_TestNG"/>
  <testcase name="Register" time="0.001" classname="Day1.Demo2_TestNG"/>
  <testcase name="Login" time="0.002" classname="Day1.Demo2_TestNG"/>
  <testcase name="HomePage" classname="Day1.Demo2_TestNG">
    <skipped/>
  </testcase> <!-- HomePage -->
</testsuite> <!-- Day1.Demo2_TestNG -->
