<?xml version="1.0" encoding="UTF-8"?>
<!-- Generated by org.testng.reporters.JUnitReportReporter -->
<testsuite skipped="0" hostname="BDC6-DX-6BYDNK2" name="Day2.KeyboardMovements_Actions" tests="1" failures="0" timestamp="18 Sep 2019 10:42:52 GMT" time="32.384" errors="0">
  <testcase name="f" time="32.384" classname="Day2.KeyboardMovements_Actions"/>
</testsuite> <!-- Day2.KeyboardMovements_Actions -->
