<?xml version="1.0" encoding="UTF-8"?>
<!-- Generated by org.testng.reporters.JUnitReportReporter -->
<testsuite skipped="0" hostname="BDC6-DX-6BYDNK2" name="Day2.MouseHover_Actions" tests="1" failures="0" timestamp="18 Sep 2019 10:14:59 GMT" time="60.939" errors="0">
  <testcase name="f" time="60.939" classname="Day2.MouseHover_Actions"/>
</testsuite> <!-- Day2.MouseHover_Actions -->
