<?xml version="1.0" encoding="UTF-8"?>
<!-- Generated by org.testng.reporters.JUnitReportReporter -->
<testsuite skipped="0" hostname="BDC6-DX-6BYDNK2" name="Day2.AlertScenario" tests="1" failures="0" timestamp="18 Sep 2019 07:19:08 GMT" time="16.503" errors="0">
  <testcase name="f" time="16.503" classname="Day2.AlertScenario"/>
</testsuite> <!-- Day2.AlertScenario -->
